[19/Oct/2018 19:18:13] "GET / HTTP/1.1" 200 1492
[19/Oct/2018 19:18:18] "GET / HTTP/1.1" 200 1492
[19/Oct/2018 19:18:19] "GET /admin HTTP/1.1" 301 0
[19/Oct/2018 19:18:19] "GET /admin/ HTTP/1.1" 302 0
[19/Oct/2018 19:18:19] "GET /admin/login/?next=/admin/ HTTP/1.1" 200 1819
[19/Oct/2018 19:18:19] "GET /static/admin/css/base.css HTTP/1.1" 200 16225
[19/Oct/2018 19:18:19] "GET /static/admin/css/login.css HTTP/1.1" 200 1203
[19/Oct/2018 19:18:19] "GET /static/admin/css/responsive.css HTTP/1.1" 200 17976
[19/Oct/2018 19:18:19] "GET /static/admin/css/fonts.css HTTP/1.1" 200 423
[19/Oct/2018 19:18:19] "GET /static/admin/fonts/Roboto-Regular-webfont.woff HTTP/1.1" 200 80304
[19/Oct/2018 19:18:19] "GET /static/admin/fonts/Roboto-Light-webfont.woff HTTP/1.1" 200 81348
Not Found: /favicon.ico
[19/Oct/2018 19:18:19] "GET /favicon.ico HTTP/1.1" 404 2550
[19/Oct/2018 19:18:23] "POST /admin/login/?next=/admin/ HTTP/1.1" 302 0
[19/Oct/2018 19:18:23] "GET /admin/ HTTP/1.1" 200 3698
[19/Oct/2018 19:18:23] "GET /static/admin/css/dashboard.css HTTP/1.1" 200 412
[19/Oct/2018 19:18:23] "GET /static/admin/img/icon-addlink.svg HTTP/1.1" 200 331
[19/Oct/2018 19:18:23] "GET /static/admin/img/icon-changelink.svg HTTP/1.1" 200 380
[19/Oct/2018 19:18:23] "GET /static/admin/fonts/Roboto-Bold-webfont.woff HTTP/1.1" 200 82564
Not Found: /favicon.ico
[19/Oct/2018 19:18:23] "GET /favicon.ico HTTP/1.1" 404 2550
[19/Oct/2018 19:18:27] "GET /admin/api/person/add/ HTTP/1.1" 200 6441
[19/Oct/2018 19:18:27] "GET /static/admin/css/forms.css HTTP/1.1" 200 8505
[19/Oct/2018 19:18:27] "GET /static/admin/js/jquery.init.js HTTP/1.1" 200 363
[19/Oct/2018 19:18:27] "GET /admin/jsi18n/ HTTP/1.1" 200 3185
[19/Oct/2018 19:18:27] "GET /static/admin/js/admin/RelatedObjectLookups.js HTTP/1.1" 200 6918
[19/Oct/2018 19:18:27] "GET /static/admin/js/core.js HTTP/1.1" 200 7134
[19/Oct/2018 19:18:27] "GET /static/admin/js/urlify.js HTTP/1.1" 200 8972
[19/Oct/2018 19:18:27] "GET /static/admin/js/prepopulate.js HTTP/1.1" 200 1530
[19/Oct/2018 19:18:27] "GET /static/admin/js/vendor/xregexp/xregexp.js HTTP/1.1" 200 128820
[19/Oct/2018 19:18:27] "GET /static/admin/js/prepopulate_init.js HTTP/1.1" 200 495
[19/Oct/2018 19:18:27] "GET /static/admin/js/actions.js HTTP/1.1" 200 6538
[19/Oct/2018 19:18:27] "GET /static/admin/js/change_form.js HTTP/1.1" 200 712
[19/Oct/2018 19:18:27] "GET /static/admin/css/widgets.css HTTP/1.1" 200 10340
[19/Oct/2018 19:18:27] "GET /static/admin/js/vendor/jquery/jquery.js HTTP/1.1" 200 271751
Not Found: /favicon.ico
[19/Oct/2018 19:18:27] "GET /favicon.ico HTTP/1.1" 404 2550
[19/Oct/2018 19:18:51] "POST /admin/api/person/add/ HTTP/1.1" 302 0
[19/Oct/2018 19:18:51] "GET /admin/api/person/ HTTP/1.1" 200 4516
[19/Oct/2018 19:18:51] "GET /static/admin/css/changelists.css HTTP/1.1" 200 6170
[19/Oct/2018 19:18:51] "GET /admin/jsi18n/ HTTP/1.1" 200 3185
[19/Oct/2018 19:18:51] "GET /static/admin/img/icon-yes.svg HTTP/1.1" 200 436
[19/Oct/2018 19:18:51] "GET /static/admin/img/tooltag-add.svg HTTP/1.1" 200 331
Not Found: /favicon.ico
[19/Oct/2018 19:18:51] "GET /favicon.ico HTTP/1.1" 404 2550
[19/Oct/2018 19:19:12] "GET / HTTP/1.1" 200 1492
[19/Oct/2018 19:19:12] "GET / HTTP/1.1" 200 1492
[19/Oct/2018 19:19:15] "GET / HTTP/1.1" 200 1492
[19/Oct/2018 19:21:01] "GET / HTTP/1.1" 200 1499
[19/Oct/2018 19:21:01] "GET /api/person/1/ HTTP/1.1" 200 187
